Sender: LSF System <lsfadmin@polus-c2-ib.bmc.hpc.cs.msu.ru>
Subject: Job 1192365: <#BSUB -q normal;#BSUB -W 03:00;#BSUB -o "run.%J.out";#BSUB -e "run.%J.err"; mpiexec ./task_omp 160 180 1.44 0.000005 run160x180_8.out log_run160x180_8.txt 8> in cluster <MSUCluster> Done

Job <#BSUB -q normal;#BSUB -W 03:00;#BSUB -o "run.%J.out";#BSUB -e "run.%J.err"; mpiexec ./task_omp 160 180 1.44 0.000005 run160x180_8.out log_run160x180_8.txt 8> was submitted from host <polus-ib.bmc.hpc.cs.msu.ru> by user <edu-cmc-skmodel24-604-04> in cluster <MSUCluster> at Fri Nov  1 18:22:57 2024
Job was executed on host(s) <polus-c2-ib.bmc.hpc.cs.msu.ru>, in queue <normal>, as user <edu-cmc-skmodel24-604-04> in cluster <MSUCluster> at Fri Nov  1 18:22:57 2024
</home_edu/edu-cmc-skmodel24-604/edu-cmc-skmodel24-604-04> was used as the home directory.
</home_edu/edu-cmc-skmodel24-604/edu-cmc-skmodel24-604-04/1thwork> was used as the working directory.
Started at Fri Nov  1 18:22:57 2024
Terminated at Fri Nov  1 18:45:46 2024
Results reported at Fri Nov  1 18:45:46 2024

Your job looked like:

------------------------------------------------------------
# LSBATCH: User input
#BSUB -q normal
#BSUB -W 03:00
#BSUB -o "run.%J.out"
#BSUB -e "run.%J.err"

mpiexec ./task_omp 160 180 1.44 0.000005 run160x180_8.out log_run160x180_8.txt 8

------------------------------------------------------------

Successfully completed.

Resource usage summary:

    CPU time :                                   10947.69 sec.
    Max Memory :                                 28 MB
    Average Memory :                             27.85 MB
    Total Requested Memory :                     -
    Delta Memory :                               -
    Max Swap :                                   -
    Max Processes :                              5
    Max Threads :                                17
    Run time :                                   1372 sec.
    Turnaround time :                            1369 sec.

The output (if any) follows:

tot iteration: 6111612
The run time is: 1368.503513s


PS:

Read file <run.1192365.err> for stderr output of this job.

